<?xml version="1.0" encoding="utf-8"?><testsuites name="pytest tests"><testsuite name="pytest" errors="0" failures="0" skipped="0" tests="11" time="5.558" timestamp="2026-05-02T08:57:05.365564+00:00" hostname="agent-env-74ece5ae-a9db-47f3-8968-731af7b9e77e"><testcase classname="backend.tests.backend_test" name="test_login_success" time="0.445" /><testcase classname="backend.tests.backend_test" name="test_login_invalid" time="0.332" /><testcase classname="backend.tests.backend_test" name="test_auth_me" time="0.456" /><testcase classname="backend.tests.backend_test" name="test_protected_no_token" time="0.142" /><testcase classname="backend.tests.backend_test" name="test_user_crud" time="0.652" /><testcase classname="backend.tests.backend_test" name="test_article_crud" time="0.936" /><testcase classname="backend.tests.backend_test" name="test_article_404" time="0.110" /><testcase classname="backend.tests.backend_test" name="test_banner_crud_and_tracking" time="0.904" /><testcase classname="backend.tests.backend_test" name="test_settings" time="0.326" /><testcase classname="backend.tests.backend_test" name="test_upload" time="0.099" /><testcase classname="backend.tests.backend_test" name="test_role_based_access" time="0.984" /></testsuite></testsuites>